[debug] [2024-08-18T18:05:28.632Z] ----------------------------------------------------------------------
[debug] [2024-08-18T18:05:28.634Z] Command:       C:\Program Files\nodejs\node.exe C:\Users\rober\AppData\Roaming\npm\node_modules\firebase-tools\lib\bin\firebase.js init
[debug] [2024-08-18T18:05:28.634Z] CLI Version:   13.15.2
[debug] [2024-08-18T18:05:28.634Z] Platform:      win32
[debug] [2024-08-18T18:05:28.634Z] Node Version:  v20.16.0
[debug] [2024-08-18T18:05:28.634Z] Time:          Sun Aug 18 2024 14:05:28 GMT-0400 (Eastern Daylight Time)
[debug] [2024-08-18T18:05:28.634Z] ----------------------------------------------------------------------
[debug] 
[debug] [2024-08-18T18:05:28.640Z] > command requires scopes: ["email","openid","https://www.googleapis.com/auth/cloudplatformprojects.readonly","https://www.googleapis.com/auth/firebase","https://www.googleapis.com/auth/cloud-platform"]
[debug] [2024-08-18T18:05:28.640Z] > authorizing via signed-in user (robertmcnivenjr@gmail.com)
[info] 
     ######## #### ########  ######## ########     ###     ######  ########
     ##        ##  ##     ## ##       ##     ##  ##   ##  ##       ##
     ######    ##  ########  ######   ########  #########  ######  ######
     ##        ##  ##    ##  ##       ##     ## ##     ##       ## ##
     ##       #### ##     ## ######## ########  ##     ##  ######  ########

You're about to initialize a Firebase project in this directory:

  C:\Users\rober\Desktop\USP_Website\reactsite\ttbbsite

[info] 
=== Project Setup
[info] 
[info] First, let's associate this project directory with a Firebase project.
[info] You can create multiple project aliases by running firebase use --add, 
[info] but for now we'll just set up a default project.
[info] 
[debug] [2024-08-18T18:05:41.369Z] >>> [apiv2][query] GET https://firebase.googleapis.com/v1beta1/projects pageSize=100
[debug] [2024-08-18T18:05:41.682Z] <<< [apiv2][status] GET https://firebase.googleapis.com/v1beta1/projects 200
[debug] [2024-08-18T18:05:41.682Z] <<< [apiv2][body] GET https://firebase.googleapis.com/v1beta1/projects [omitted]
[info] i  Using project ttbbsite (ttbbsite) 
[info] 
=== Database Setup
[info] i  database: ensuring required API firebasedatabase.googleapis.com is enabled... 
[debug] [2024-08-18T18:05:42.254Z] >>> [apiv2][query] GET https://serviceusage.googleapis.com/v1/projects/ttbbsite/services/firebasedatabase.googleapis.com [none]
[debug] [2024-08-18T18:05:42.254Z] >>> [apiv2][(partial)header] GET https://serviceusage.googleapis.com/v1/projects/ttbbsite/services/firebasedatabase.googleapis.com x-goog-quota-user=projects/ttbbsite
[debug] [2024-08-18T18:05:42.578Z] <<< [apiv2][status] GET https://serviceusage.googleapis.com/v1/projects/ttbbsite/services/firebasedatabase.googleapis.com 200
[debug] [2024-08-18T18:05:42.578Z] <<< [apiv2][body] GET https://serviceusage.googleapis.com/v1/projects/ttbbsite/services/firebasedatabase.googleapis.com [omitted]
[info] +  database: required API firebasedatabase.googleapis.com is enabled 
[info] 
[debug] [2024-08-18T18:05:42.579Z] >>> [apiv2][query] GET https://firebasedatabase.googleapis.com/v1beta/projects/ttbbsite/locations/-/instances/ttbbsite-default-rtdb [none]
[debug] [2024-08-18T18:05:42.936Z] <<< [apiv2][status] GET https://firebasedatabase.googleapis.com/v1beta/projects/ttbbsite/locations/-/instances/ttbbsite-default-rtdb 200
[debug] [2024-08-18T18:05:42.936Z] <<< [apiv2][body] GET https://firebasedatabase.googleapis.com/v1beta/projects/ttbbsite/locations/-/instances/ttbbsite-default-rtdb {"name":"projects/1008260688385/locations/us-central1/instances/ttbbsite-default-rtdb","project":"projects/1008260688385","databaseUrl":"https://ttbbsite-default-rtdb.firebaseio.com","type":"DEFAULT_DATABASE","state":"ACTIVE"}
[info] 
[info] Firebase Realtime Database Security Rules allow you to define how your data should be
[info] structured and when your data can be read from and written to.
[info] 
[debug] [2024-08-18T18:05:45.260Z] >>> [apiv2][query] GET https://ttbbsite-default-rtdb.firebaseio.com/.settings/rules.json [none]
[debug] [2024-08-18T18:05:45.429Z] <<< [apiv2][status] GET https://ttbbsite-default-rtdb.firebaseio.com/.settings/rules.json 200
[debug] [2024-08-18T18:05:45.429Z] <<< [apiv2][body] GET https://ttbbsite-default-rtdb.firebaseio.com/.settings/rules.json [stream]
[info] +  Database Rules for ttbbsite-default-rtdb have been written to database.rules.json. 
[info] Future modifications to database.rules.json will update Realtime Database Security Rules when you run
[info] firebase deploy.
[info] 
=== Firestore Setup
[debug] [2024-08-18T18:05:45.435Z] >>> [apiv2][query] GET https://serviceusage.googleapis.com/v1/projects/ttbbsite/services/firestore.googleapis.com [none]
[debug] [2024-08-18T18:05:45.435Z] >>> [apiv2][(partial)header] GET https://serviceusage.googleapis.com/v1/projects/ttbbsite/services/firestore.googleapis.com x-goog-quota-user=projects/ttbbsite
[debug] [2024-08-18T18:05:45.674Z] <<< [apiv2][status] GET https://serviceusage.googleapis.com/v1/projects/ttbbsite/services/firestore.googleapis.com 200
[debug] [2024-08-18T18:05:45.675Z] <<< [apiv2][body] GET https://serviceusage.googleapis.com/v1/projects/ttbbsite/services/firestore.googleapis.com [omitted]
[debug] [2024-08-18T18:05:45.676Z] >>> [apiv2][query] GET https://firestore.googleapis.com/v1/projects/ttbbsite/databases/(default) [none]
[debug] [2024-08-18T18:05:45.988Z] <<< [apiv2][status] GET https://firestore.googleapis.com/v1/projects/ttbbsite/databases/(default) 200
[debug] [2024-08-18T18:05:45.988Z] <<< [apiv2][body] GET https://firestore.googleapis.com/v1/projects/ttbbsite/databases/(default) {"name":"projects/ttbbsite/databases/(default)","uid":"7f05b0b1-5247-4c67-807c-9315995cd106","createTime":"2024-08-15T02:10:11.853485Z","updateTime":"2024-08-15T02:10:11.853485Z","locationId":"nam5","type":"FIRESTORE_NATIVE","concurrencyMode":"PESSIMISTIC","versionRetentionPeriod":"3600s","earliestVersionTime":"2024-08-18T17:05:45.206183Z","appEngineIntegrationMode":"DISABLED","keyPrefix":"s","pointInTimeRecoveryEnablement":"POINT_IN_TIME_RECOVERY_DISABLED","deleteProtectionState":"DELETE_PROTECTION_DISABLED","etag":"ILql2dSQ/4cDMLCZ+4r39YcD"}
[debug] [2024-08-18T18:05:45.988Z] database_type: FIRESTORE_NATIVE
[debug] [2024-08-18T18:05:45.989Z] > command requires scopes: ["email","openid","https://www.googleapis.com/auth/cloudplatformprojects.readonly","https://www.googleapis.com/auth/firebase","https://www.googleapis.com/auth/cloud-platform"]
[debug] [2024-08-18T18:05:45.989Z] > authorizing via signed-in user (robertmcnivenjr@gmail.com)
[debug] [2024-08-18T18:05:45.989Z] [iam] checking project ttbbsite for permissions ["firebase.projects.get"]
[debug] [2024-08-18T18:05:45.990Z] >>> [apiv2][query] POST https://cloudresourcemanager.googleapis.com/v1/projects/ttbbsite:testIamPermissions [none]
[debug] [2024-08-18T18:05:45.990Z] >>> [apiv2][(partial)header] POST https://cloudresourcemanager.googleapis.com/v1/projects/ttbbsite:testIamPermissions x-goog-quota-user=projects/ttbbsite
[debug] [2024-08-18T18:05:45.990Z] >>> [apiv2][body] POST https://cloudresourcemanager.googleapis.com/v1/projects/ttbbsite:testIamPermissions {"permissions":["firebase.projects.get"]}
[debug] [2024-08-18T18:05:46.151Z] <<< [apiv2][status] POST https://cloudresourcemanager.googleapis.com/v1/projects/ttbbsite:testIamPermissions 200
[debug] [2024-08-18T18:05:46.151Z] <<< [apiv2][body] POST https://cloudresourcemanager.googleapis.com/v1/projects/ttbbsite:testIamPermissions {"permissions":["firebase.projects.get"]}
[info] 
[info] Firestore Security Rules allow you to define how and when to allow
[info] requests. You can keep these rules in your project directory
[info] and publish them with firebase deploy.
[info] 
